[0.209s] Invoking command in '/home/shahrukh/ws_magna/build/magna_moveit': CMAKE_PREFIX_PATH=${CMAKE_PREFIX_PATH}:/home/shahrukh/ws_moveit2/install/moveit_configs_utils:/home/shahrukh/ws_moveit2/install/launch_param_builder:/opt/ros/humble /usr/bin/cmake /home/shahrukh/ws_magna/src/magna_moveit -DCMAKE_BUILD_TYPE=Release -DCMAKE_INSTALL_PREFIX=/home/shahrukh/ws_magna/install/magna_moveit
[1.001s] -- Found ament_cmake: 1.3.5 (/opt/ros/humble/share/ament_cmake/cmake)
[1.974s] -- Found moveit_ros_planning_interface: 2.5.5 (/home/shahrukh/ws_moveit2/install/moveit_ros_planning_interface/share/moveit_ros_planning_interface/cmake)
[2.572s] -- Found Boost: /usr/lib/x86_64-linux-gnu/cmake/Boost-1.74.0/BoostConfig.cmake (found version "1.74.0") found components: date_time filesystem program_options system thread 
[3.319s] -- Found rosidl_generator_c: 3.1.5 (/opt/ros/humble/share/rosidl_generator_c/cmake)
[3.432s] -- Found rosidl_adapter: 3.1.5 (/opt/ros/humble/share/rosidl_adapter/cmake)
[3.449s] -- Found rosidl_generator_cpp: 3.1.5 (/opt/ros/humble/share/rosidl_generator_cpp/cmake)
[3.880s] -- Using all available rosidl_typesupport_c: rosidl_typesupport_fastrtps_c;rosidl_typesupport_introspection_c
[4.015s] -- Using all available rosidl_typesupport_cpp: rosidl_typesupport_fastrtps_cpp;rosidl_typesupport_introspection_cpp
[6.118s] -- Found Boost: /usr/lib/x86_64-linux-gnu/cmake/Boost-1.74.0/BoostConfig.cmake (found version "1.74.0") found components: chrono date_time filesystem iostreams program_options regex serialization system thread 
[6.664s] -- Found parameter_traits: 0.3.6 (/opt/ros/humble/share/parameter_traits/cmake)
[6.809s] -- Found rmw_implementation_cmake: 6.1.1 (/opt/ros/humble/share/rmw_implementation_cmake/cmake)
[6.813s] -- Found rmw_fastrtps_cpp: 6.2.4 (/opt/ros/humble/share/rmw_fastrtps_cpp/cmake)
[7.494s] -- Using RMW implementation 'rmw_fastrtps_cpp' as default
[7.939s] -- Found rclcpp_lifecycle: 16.0.6 (/opt/ros/humble/share/rclcpp_lifecycle/cmake)
[8.087s] -- Found Boost: /usr/lib/x86_64-linux-gnu/cmake/Boost-1.74.0/BoostConfig.cmake (found version "1.74.0") found components: filesystem 
[8.405s] -- library: /usr/lib/x86_64-linux-gnu/libcurl.so
[8.809s] -- Ensuring Eigen3 include directory is part of orocos-kdl CMake target
[10.476s] -- Found Boost: /usr/lib/x86_64-linux-gnu/cmake/Boost-1.74.0/BoostConfig.cmake (found version "1.74.0") found components: system filesystem date_time program_options thread chrono 
[11.497s] -- Found Boost: /usr/lib/x86_64-linux-gnu/cmake/Boost-1.74.0/BoostConfig.cmake (found version "1.74.0") found components: thread system filesystem regex date_time program_options 
[12.290s] -- Found Boost: /usr/lib/x86_64-linux-gnu/cmake/Boost-1.74.0/BoostConfig.cmake (found version "1.74.0") found components: system filesystem date_time program_options thread 
[13.455s] -- Found ament_lint_auto: 0.12.8 (/opt/ros/humble/share/ament_lint_auto/cmake)
[14.280s] -- Added test 'cppcheck' to perform static code analysis on C / C++ code
[14.281s] -- Configured cppcheck include dirs: $<BUILD_INTERFACE:/home/shahrukh/ws_magna/src/magna_moveit/include>
[14.281s] -- Configured cppcheck exclude dirs and/or files: 
[14.283s] -- Added test 'flake8' to check Python code syntax and style conventions
[14.285s] -- Added test 'lint_cmake' to check CMake code style
[14.287s] -- Added test 'pep257' to check Python code against some of the docstring style conventions in PEP 257
[14.294s] -- Added test 'uncrustify' to check C / C++ code style
[14.294s] -- Configured uncrustify additional arguments: 
[14.297s] -- Added test 'xmllint' to check XML markup files
[14.299s] -- Configuring done
[15.659s] -- Generating done
[15.697s] -- Build files have been written to: /home/shahrukh/ws_magna/build/magna_moveit
[15.721s] Invoked command in '/home/shahrukh/ws_magna/build/magna_moveit' returned '0': CMAKE_PREFIX_PATH=${CMAKE_PREFIX_PATH}:/home/shahrukh/ws_moveit2/install/moveit_configs_utils:/home/shahrukh/ws_moveit2/install/launch_param_builder:/opt/ros/humble /usr/bin/cmake /home/shahrukh/ws_magna/src/magna_moveit -DCMAKE_BUILD_TYPE=Release -DCMAKE_INSTALL_PREFIX=/home/shahrukh/ws_magna/install/magna_moveit
[15.725s] Invoking command in '/home/shahrukh/ws_magna/build/magna_moveit': CMAKE_PREFIX_PATH=${CMAKE_PREFIX_PATH}:/home/shahrukh/ws_moveit2/install/moveit_configs_utils:/home/shahrukh/ws_moveit2/install/launch_param_builder:/opt/ros/humble /usr/bin/cmake --build /home/shahrukh/ws_magna/build/magna_moveit -- -j8 -l8
[15.927s] [ 50%] [32mBuilding CXX object CMakeFiles/magna_moveit.dir/src/motion_planning_api_tutorials.cpp.o[0m
[23.107s] [01m[K/home/shahrukh/ws_magna/src/magna_moveit/src/motion_planning_api_tutorials.cpp:46:10:[m[K [01;31m[Kfatal error: [m[Kmoveit_visual_tools/moveit_visual_tools.h: No such file or directory
[23.107s]    46 | #include [01;31m[K<moveit_visual_tools/moveit_visual_tools.h>[m[K
[23.108s]       |          [01;31m[K^~~~~~~~~~~~~~~~~~~~~~~~~~~~~~~~~~~~~~~~~~~[m[K
[23.108s] compilation terminated.
[23.130s] gmake[2]: *** [CMakeFiles/magna_moveit.dir/build.make:76: CMakeFiles/magna_moveit.dir/src/motion_planning_api_tutorials.cpp.o] Error 1
[23.131s] gmake[1]: *** [CMakeFiles/Makefile2:137: CMakeFiles/magna_moveit.dir/all] Error 2
[23.132s] gmake: *** [Makefile:146: all] Error 2
[23.139s] Invoked command in '/home/shahrukh/ws_magna/build/magna_moveit' returned '2': CMAKE_PREFIX_PATH=${CMAKE_PREFIX_PATH}:/home/shahrukh/ws_moveit2/install/moveit_configs_utils:/home/shahrukh/ws_moveit2/install/launch_param_builder:/opt/ros/humble /usr/bin/cmake --build /home/shahrukh/ws_magna/build/magna_moveit -- -j8 -l8
