[0.102s] Invoking command in '/home/shahrukh/ws_magna/build/magna_moveit': CMAKE_PREFIX_PATH=${CMAKE_PREFIX_PATH}:/home/shahrukh/ws_moveit2/install/moveit_configs_utils:/home/shahrukh/ws_moveit2/install/launch_param_builder:/opt/ros/humble /usr/bin/cmake /home/shahrukh/ws_magna/src/magna_moveit -DCMAKE_BUILD_TYPE=Debug -DCMAKE_INSTALL_PREFIX=/home/shahrukh/ws_magna/install/magna_moveit
[0.154s] -- Found ament_cmake: 1.3.5 (/opt/ros/humble/share/ament_cmake/cmake)
[0.403s] -- Found moveit_ros_planning_interface: 2.5.5 (/home/shahrukh/ws_moveit2/install/moveit_ros_planning_interface/share/moveit_ros_planning_interface/cmake)
[0.440s] -- Found Boost: /usr/lib/x86_64-linux-gnu/cmake/Boost-1.74.0/BoostConfig.cmake (found version "1.74.0") found components: date_time filesystem program_options system thread 
[0.490s] -- Found rosidl_generator_c: 3.1.5 (/opt/ros/humble/share/rosidl_generator_c/cmake)
[0.493s] -- Found rosidl_adapter: 3.1.5 (/opt/ros/humble/share/rosidl_adapter/cmake)
[0.500s] -- Found rosidl_generator_cpp: 3.1.5 (/opt/ros/humble/share/rosidl_generator_cpp/cmake)
[0.516s] -- Using all available rosidl_typesupport_c: rosidl_typesupport_fastrtps_c;rosidl_typesupport_introspection_c
[0.538s] -- Using all available rosidl_typesupport_cpp: rosidl_typesupport_fastrtps_cpp;rosidl_typesupport_introspection_cpp
[1.608s] -- Found Boost: /usr/lib/x86_64-linux-gnu/cmake/Boost-1.74.0/BoostConfig.cmake (found version "1.74.0") found components: chrono date_time filesystem iostreams program_options regex serialization system thread 
[1.643s] -- Found parameter_traits: 0.3.6 (/opt/ros/humble/share/parameter_traits/cmake)
[1.702s] -- Found rmw_implementation_cmake: 6.1.1 (/opt/ros/humble/share/rmw_implementation_cmake/cmake)
[1.706s] -- Found rmw_fastrtps_cpp: 6.2.4 (/opt/ros/humble/share/rmw_fastrtps_cpp/cmake)
[1.911s] -- Using RMW implementation 'rmw_fastrtps_cpp' as default
[2.084s] -- Found rclcpp_lifecycle: 16.0.6 (/opt/ros/humble/share/rclcpp_lifecycle/cmake)
[2.135s] -- Found Boost: /usr/lib/x86_64-linux-gnu/cmake/Boost-1.74.0/BoostConfig.cmake (found version "1.74.0") found components: filesystem 
[2.220s] -- library: /usr/lib/x86_64-linux-gnu/libcurl.so
[2.401s] -- Ensuring Eigen3 include directory is part of orocos-kdl CMake target
[3.010s] -- Found Boost: /usr/lib/x86_64-linux-gnu/cmake/Boost-1.74.0/BoostConfig.cmake (found version "1.74.0") found components: system filesystem date_time program_options thread chrono 
[3.617s] -- Found Boost: /usr/lib/x86_64-linux-gnu/cmake/Boost-1.74.0/BoostConfig.cmake (found version "1.74.0") found components: thread system filesystem regex date_time program_options 
[3.897s] -- Found Boost: /usr/lib/x86_64-linux-gnu/cmake/Boost-1.74.0/BoostConfig.cmake (found version "1.74.0") found components: system filesystem date_time program_options thread 
[4.401s] -- Found ament_lint_auto: 0.12.8 (/opt/ros/humble/share/ament_lint_auto/cmake)
[4.518s] -- Added test 'cppcheck' to perform static code analysis on C / C++ code
[4.519s] -- Configured cppcheck include dirs: $<BUILD_INTERFACE:/home/shahrukh/ws_magna/src/magna_moveit/include>
[4.519s] -- Configured cppcheck exclude dirs and/or files: 
[4.519s] -- Added test 'flake8' to check Python code syntax and style conventions
[4.520s] -- Added test 'lint_cmake' to check CMake code style
[4.520s] -- Added test 'pep257' to check Python code against some of the docstring style conventions in PEP 257
[4.523s] -- Added test 'uncrustify' to check C / C++ code style
[4.523s] -- Configured uncrustify additional arguments: 
[4.524s] -- Added test 'xmllint' to check XML markup files
[4.524s] -- Configuring done
[5.027s] -- Generating done
[5.035s] -- Build files have been written to: /home/shahrukh/ws_magna/build/magna_moveit
[5.063s] Invoked command in '/home/shahrukh/ws_magna/build/magna_moveit' returned '0': CMAKE_PREFIX_PATH=${CMAKE_PREFIX_PATH}:/home/shahrukh/ws_moveit2/install/moveit_configs_utils:/home/shahrukh/ws_moveit2/install/launch_param_builder:/opt/ros/humble /usr/bin/cmake /home/shahrukh/ws_magna/src/magna_moveit -DCMAKE_BUILD_TYPE=Debug -DCMAKE_INSTALL_PREFIX=/home/shahrukh/ws_magna/install/magna_moveit
[5.068s] Invoking command in '/home/shahrukh/ws_magna/build/magna_moveit': CMAKE_PREFIX_PATH=${CMAKE_PREFIX_PATH}:/home/shahrukh/ws_moveit2/install/moveit_configs_utils:/home/shahrukh/ws_moveit2/install/launch_param_builder:/opt/ros/humble /usr/bin/cmake --build /home/shahrukh/ws_magna/build/magna_moveit -- -j8 -l8
[5.273s] [ 50%] [32mBuilding CXX object CMakeFiles/magna_moveit.dir/src/motion_planning_api_tutorials.cpp.o[0m
[9.220s] [01m[K/home/shahrukh/ws_magna/src/magna_moveit/src/motion_planning_api_tutorials.cpp:46:10:[m[K [01;31m[Kfatal error: [m[Kmoveit_visual_tools/moveit_visual_tools.h: No such file or directory
[9.220s]    46 | #include [01;31m[K<moveit_visual_tools/moveit_visual_tools.h>[m[K
[9.220s]       |          [01;31m[K^~~~~~~~~~~~~~~~~~~~~~~~~~~~~~~~~~~~~~~~~~~[m[K
[9.220s] compilation terminated.
[9.244s] gmake[2]: *** [CMakeFiles/magna_moveit.dir/build.make:76: CMakeFiles/magna_moveit.dir/src/motion_planning_api_tutorials.cpp.o] Error 1
[9.245s] gmake[1]: *** [CMakeFiles/Makefile2:137: CMakeFiles/magna_moveit.dir/all] Error 2
[9.245s] gmake: *** [Makefile:146: all] Error 2
[9.252s] Invoked command in '/home/shahrukh/ws_magna/build/magna_moveit' returned '2': CMAKE_PREFIX_PATH=${CMAKE_PREFIX_PATH}:/home/shahrukh/ws_moveit2/install/moveit_configs_utils:/home/shahrukh/ws_moveit2/install/launch_param_builder:/opt/ros/humble /usr/bin/cmake --build /home/shahrukh/ws_magna/build/magna_moveit -- -j8 -l8
